WARNING: An illegal reflective access operation has occurred
WARNING: Illegal reflective access by io.netty.util.internal.ReflectionUtil (file:/C:/Users/german.milla01/.cache/firebase/emulators/firebase-database-emulator-v4.11.2.jar) to field sun.nio.ch.SelectorImpl.selectedKeys
WARNING: Please consider reporting this to the maintainers of io.netty.util.internal.ReflectionUtil
WARNING: Use --illegal-access=warn to enable warnings of further illegal reflective access operations
WARNING: All illegal access operations will be denied in a future release
10:33:25.522 [NamespaceSystem-akka.actor.default-dispatcher-4] INFO akka.event.slf4j.Slf4jLogger - Slf4jLogger started
10:33:25.704 [main] INFO com.firebase.server.forge.App$ - Listening at 127.0.0.1:9000
10:33:35.845 [NamespaceSystem-akka.actor.default-dispatcher-4] INFO com.firebase.core.namespace.NamespaceActor - blackburn-la-default-rtdb successfully activated FBKV (SurveyIdle(0)) wait: 105ms, init: 0ms
10:33:35.923 [NamespaceSystem-blocking-namespace-operation-dispatcher-7] INFO com.firebase.core.namespace.StateManager - Namespace blackburn-la-default-rtdb status Active to Active
10:34:00.185 [FirebaseWorkerPool-1-3] WARN com.firebase.core.persistence.backend.dummy.EmulatorMetadataPersistence - Multiple projectIds are not recommended in single project mode. Requested 
namespace blackburn-la, but the emulator is configured for blackburn-la-default-rtdb. To 
opt-out of single project mode add/set the singleProjectMode: false property in 
the firebase.json emulators config. 
10:34:00.199 [NamespaceSystem-akka.actor.default-dispatcher-4] INFO com.firebase.core.namespace.NamespaceActor - blackburn-la successfully activated FBKV (SurveyIdle(0)) wait: 6ms, init: 0ms
10:37:41.355 [NamespaceSystem-blocking-namespace-operation-dispatcher-21] INFO com.firebase.core.namespace.StateManager - Namespace blackburn-la-default-rtdb status Active to Active
10:38:56.007 [NamespaceSystem-blocking-namespace-operation-dispatcher-29] INFO com.firebase.core.namespace.StateManager - Namespace blackburn-la-default-rtdb status Active to Active
10:40:53.735 [NamespaceSystem-blocking-namespace-operation-dispatcher-47] INFO com.firebase.core.namespace.StateManager - Namespace blackburn-la-default-rtdb status Active to Active
10:43:05.911 [NamespaceSystem-blocking-namespace-operation-dispatcher-56] INFO com.firebase.core.namespace.StateManager - Namespace blackburn-la-default-rtdb status Active to Active
10:43:12.040 [NamespaceSystem-blocking-namespace-operation-dispatcher-57] INFO com.firebase.core.namespace.StateManager - Namespace blackburn-la-default-rtdb status Active to Active
10:43:25.052 [NamespaceSystem-blocking-namespace-operation-dispatcher-60] INFO com.firebase.core.namespace.StateManager - Namespace blackburn-la-default-rtdb status Active to Active
10:43:51.659 [NamespaceSystem-blocking-namespace-operation-dispatcher-61] INFO com.firebase.core.namespace.StateManager - Namespace blackburn-la-default-rtdb status Active to Active
11:00:00.738 [NamespaceSystem-blocking-namespace-operation-dispatcher-79] INFO com.firebase.core.namespace.StateManager - Namespace blackburn-la-default-rtdb status Active to Active
11:00:29.562 [NamespaceSystem-blocking-namespace-operation-dispatcher-80] INFO com.firebase.core.namespace.StateManager - Namespace blackburn-la-default-rtdb status Active to Active
11:01:01.316 [NamespaceSystem-blocking-namespace-operation-dispatcher-87] INFO com.firebase.core.namespace.StateManager - Namespace blackburn-la-default-rtdb status Active to Active
