[debug] [2024-06-27T18:30:27.970Z] ----------------------------------------------------------------------
[debug] [2024-06-27T18:30:27.973Z] Command:       C:\Users\german.milla01\scoop\apps\nodejs\current\node.exe C:\Users\german.milla01\scoop\apps\nodejs\current\bin\node_modules\firebase-tools\lib\bin\firebase.js init
[debug] [2024-06-27T18:30:27.973Z] CLI Version:   13.7.1
[debug] [2024-06-27T18:30:27.973Z] Platform:      win32
[debug] [2024-06-27T18:30:27.973Z] Node Version:  v20.7.0
[debug] [2024-06-27T18:30:27.973Z] Time:          Thu Jun 27 2024 12:30:27 GMT-0600 (Central Standard Time)
[debug] [2024-06-27T18:30:27.973Z] ----------------------------------------------------------------------
[debug] 
[debug] [2024-06-27T18:30:28.048Z] > command requires scopes: ["email","openid","https://www.googleapis.com/auth/cloudplatformprojects.readonly","https://www.googleapis.com/auth/firebase","https://www.googleapis.com/auth/cloud-platform"]
[debug] [2024-06-27T18:30:28.048Z] > authorizing via signed-in user (spoofy.doo.project@gmail.com)
[info] 
     ######## #### ########  ######## ########     ###     ######  ########
     ##        ##  ##     ## ##       ##     ##  ##   ##  ##       ##
     ######    ##  ########  ######   ########  #########  ######  ######
     ##        ##  ##    ##  ##       ##     ## ##     ##       ## ##
     ##       #### ##     ## ######## ########  ##     ##  ######  ########

You're about to initialize a Firebase project in this directory:

  C:\Users\german.milla01\Documents\env\blackburn

Before we get started, keep in mind:

  * You are initializing within an existing Firebase project directory

